INFO:root:{'e': 'kline', 'E': 1626187696414, 's': 'BTCUSDT', 'k': {'t': 1626187680000, 'T': 1626187739999, 's': 'BTCUSDT', 'i': '1m', 'f': 954561177, 'L': 954561267, 'o': '32583.46000000', 'c': '32572.49000000', 'h': '32583.46000000', 'l': '32572.49000000', 'v': '2.38952500', 'n': 91, 'x': False, 'q': '77844.69411359', 'V': '1.00863800', 'Q': '32859.90255605', 'B': '0'}}
INFO:root:{'e': 'kline', 'E': 1626187697448, 's': 'BNBBTC', 'k': {'t': 1626187680000, 'T': 1626187739999, 's': 'BNBBTC', 'i': '1m', 'f': 153483895, 'L': 153483896, 'o': '0.00948900', 'c': '0.00948800', 'h': '0.00948900', 'l': '0.00948800', 'v': '2.61000000', 'n': 2, 'x': False, 'q': '0.02476375', 'V': '0.00000000', 'Q': '0.00000000', 'B': '0'}}
INFO:root:{'e': 'kline', 'E': 1626187697487, 's': 'ETHUSDT', 'k': {'t': 1626187680000, 'T': 1626187739999, 's': 'ETHUSDT', 'i': '1m', 'f': 517923846, 'L': 517924025, 'o': '1977.22000000', 'c': '1975.62000000', 'h': '1977.36000000', 'l': '1975.43000000', 'v': '29.98743000', 'n': 180, 'x': False, 'q': '59274.06558220', 'V': '8.56455000', 'Q': '16929.59854130', 'B': '0'}}
INFO:root:{'e': 'kline', 'E': 1626187698450, 's': 'BTCUSDT', 'k': {'t': 1626187680000, 'T': 1626187739999, 's': 'BTCUSDT', 'i': '1m', 'f': 954561177, 'L': 954561284, 'o': '32583.46000000', 'c': '32567.37000000', 'h': '32583.46000000', 'l': '32566.79000000', 'v': '2.61288500', 'n': 108, 'x': False, 'q': '85119.36696451', 'V': '1.12315600', 'Q': '36589.85277537', 'B': '0'}}
INFO:root:{'e': 'kline', 'E': 1626187699782, 's': 'ETHUSDT', 'k': {'t': 1626187680000, 'T': 1626187739999, 's': 'ETHUSDT', 'i': '1m', 'f': 517923846, 'L': 517924036, 'o': '1977.22000000', 'c': '1975.63000000', 'h': '1977.36000000', 'l': '1975.43000000', 'v': '31.33084000', 'n': 191, 'x': False, 'q': '61928.14298790', 'V': '9.85070000', 'Q': '19470.55194580', 'B': '0'}}
INFO:root:{'e': 'kline', 'E': 1626187700713, 's': 'BTCUSDT', 'k': {'t': 1626187680000, 'T': 1626187739999, 's': 'BTCUSDT', 'i': '1m', 'f': 954561177, 'L': 954561298, 'o': '32583.46000000', 'c': '32567.38000000', 'h': '32583.46000000', 'l': '32566.79000000', 'v': '2.93773600', 'n': 122, 'x': False, 'q': '95698.91168075', 'V': '1.32359300', 'Q': '43117.56072043', 'B': '0'}}
INFO:root:Moving average for `BTCUSDT`  is 32569.08
INFO:root:{'e': 'kline', 'E': 1626187701962, 's': 'ETHUSDT', 'k': {'t': 1626187680000, 'T': 1626187739999, 's': 'ETHUSDT', 'i': '1m', 'f': 517923846, 'L': 517924050, 'o': '1977.22000000', 'c': '1975.62000000', 'h': '1977.36000000', 'l': '1975.43000000', 'v': '34.43605000', 'n': 205, 'x': False, 'q': '68062.85795740', 'V': '12.06019000', 'Q': '23835.66465090', 'B': '0'}}
INFO:root:Moving average for `ETHUSDT`  is 1975.6233333333332
INFO:root:{'e': 'kline', 'E': 1626187703455, 's': 'BTCUSDT', 'k': {'t': 1626187680000, 'T': 1626187739999, 's': 'BTCUSDT', 'i': '1m', 'f': 954561177, 'L': 954561316, 'o': '32583.46000000', 'c': '32565.43000000', 'h': '32583.46000000', 'l': '32564.74000000', 'v': '3.26085300', 'n': 140, 'x': False, 'q': '106221.44873774', 'V': '1.49883300', 'Q': '48824.38098628', 'B': '0'}}
INFO:root:Moving average for `BTCUSDT`  is 32566.726666666666
INFO:root:{'e': 'kline', 'E': 1626187704093, 's': 'ETHUSDT', 'k': {'t': 1626187680000, 'T': 1626187739999, 's': 'ETHUSDT', 'i': '1m', 'f': 517923846, 'L': 517924066, 'o': '1977.22000000', 'c': '1975.62000000', 'h': '1977.36000000', 'l': '1975.43000000', 'v': '38.47821000', 'n': 221, 'x': False, 'q': '76048.63009660', 'V': '16.10235000', 'Q': '31821.43679010', 'B': '0'}}
INFO:root:Moving average for `ETHUSDT`  is 1975.6233333333332
INFO:root:{'e': 'kline', 'E': 1626187705544, 's': 'BTCUSDT', 'k': {'t': 1626187680000, 'T': 1626187739999, 's': 'BTCUSDT', 'i': '1m', 'f': 954561177, 'L': 954561323, 'o': '32583.46000000', 'c': '32565.00000000', 'h': '32583.46000000', 'l': '32564.74000000', 'v': '3.28401300', 'n': 147, 'x': False, 'q': '106975.67533275', 'V': '1.50867100', 'Q': '49144.75966466', 'B': '0'}}
INFO:root:Moving average for `BTCUSDT`  is 32565.936666666665
INFO:root:{'e': 'kline', 'E': 1626187706314, 's': 'ETHUSDT', 'k': {'t': 1626187680000, 'T': 1626187739999, 's': 'ETHUSDT', 'i': '1m', 'f': 517923846, 'L': 517924073, 'o': '1977.22000000', 'c': '1975.62000000', 'h': '1977.36000000', 'l': '1975.43000000', 'v': '41.24952000', 'n': 228, 'x': False, 'q': '81523.68549280', 'V': '18.86706000', 'Q': '37283.45316030', 'B': '0'}}
INFO:root:Moving average for `ETHUSDT`  is 1975.62
INFO:root:{'e': 'kline', 'E': 1626187708377, 's': 'ETHUSDT', 'k': {'t': 1626187680000, 'T': 1626187739999, 's': 'ETHUSDT', 'i': '1m', 'f': 517923846, 'L': 517924086, 'o': '1977.22000000', 'c': '1975.44000000', 'h': '1977.36000000', 'l': '1975.43000000', 'v': '47.67165000', 'n': 241, 'x': False, 'q': '94210.31624340', 'V': '22.12048000', 'Q': '43710.42200290', 'B': '0'}}
INFO:root:Moving average for `ETHUSDT`  is 1975.5600000000002
INFO:root:{'e': 'kline', 'E': 1626187708377, 's': 'ETHUSDT', 'k': {'t': 1626187680000, 'T': 1626187739999, 's': 'ETHUSDT', 'i': '1m', 'f': 517923846, 'L': 517924086, 'o': '1977.22000000', 'c': '1975.44000000', 'h': '1977.36000000', 'l': '1975.43000000', 'v': '47.67165000', 'n': 241, 'x': False, 'q': '94210.31624340', 'V': '22.12048000', 'Q': '43710.42200290', 'B': '0'}}
INFO:root:{'e': 'kline', 'E': 1626187708480, 's': 'BTCUSDT', 'k': {'t': 1626187680000, 'T': 1626187739999, 's': 'BTCUSDT', 'i': '1m', 'f': 954561177, 'L': 954561328, 'o': '32583.46000000', 'c': '32565.01000000', 'h': '32583.46000000', 'l': '32564.74000000', 'v': '3.32681000', 'n': 152, 'x': False, 'q': '108369.35989491', 'V': '1.53438700', 'Q': '49982.20146182', 'B': '0'}}
INFO:root:{'e': 'kline', 'E': 1626187708480, 's': 'BTCUSDT', 'k': {'t': 1626187680000, 'T': 1626187739999, 's': 'BTCUSDT', 'i': '1m', 'f': 954561177, 'L': 954561328, 'o': '32583.46000000', 'c': '32565.01000000', 'h': '32583.46000000', 'l': '32564.74000000', 'v': '3.32681000', 'n': 152, 'x': False, 'q': '108369.35989491', 'V': '1.53438700', 'Q': '49982.20146182', 'B': '0'}}
INFO:root:Moving average for `BTCUSDT`  is 32565.146666666667
INFO:root:{'e': 'kline', 'E': 1626187710449, 's': 'ETHUSDT', 'k': {'t': 1626187680000, 'T': 1626187739999, 's': 'ETHUSDT', 'i': '1m', 'f': 517923846, 'L': 517924091, 'o': '1977.22000000', 'c': '1975.16000000', 'h': '1977.36000000', 'l': '1975.16000000', 'v': '52.71996000', 'n': 246, 'x': False, 'q': '104181.76580600', 'V': '27.05444000', 'Q': '53455.99143650', 'B': '0'}}
INFO:root:Moving average for `ETHUSDT`  is 1975.4066666666668
INFO:root:{'e': 'kline', 'E': 1626187710449, 's': 'ETHUSDT', 'k': {'t': 1626187680000, 'T': 1626187739999, 's': 'ETHUSDT', 'i': '1m', 'f': 517923846, 'L': 517924091, 'o': '1977.22000000', 'c': '1975.16000000', 'h': '1977.36000000', 'l': '1975.16000000', 'v': '52.71996000', 'n': 246, 'x': False, 'q': '104181.76580600', 'V': '27.05444000', 'Q': '53455.99143650', 'B': '0'}}
INFO:root:{'e': 'kline', 'E': 1626187710638, 's': 'BTCUSDT', 'k': {'t': 1626187680000, 'T': 1626187739999, 's': 'BTCUSDT', 'i': '1m', 'f': 954561177, 'L': 954561338, 'o': '32583.46000000', 'c': '32565.01000000', 'h': '32583.46000000', 'l': '32564.74000000', 'v': '3.39476900', 'n': 162, 'x': False, 'q': '110582.44479561', 'V': '1.54095700', 'Q': '50196.15357752', 'B': '0'}}
INFO:root:{'e': 'kline', 'E': 1626187710638, 's': 'BTCUSDT', 'k': {'t': 1626187680000, 'T': 1626187739999, 's': 'BTCUSDT', 'i': '1m', 'f': 954561177, 'L': 954561338, 'o': '32583.46000000', 'c': '32565.01000000', 'h': '32583.46000000', 'l': '32564.74000000', 'v': '3.39476900', 'n': 162, 'x': False, 'q': '110582.44479561', 'V': '1.54095700', 'Q': '50196.15357752', 'B': '0'}}
INFO:root:Moving average for `BTCUSDT`  is 32565.006666666664
INFO:root:{'e': 'kline', 'E': 1626187712800, 's': 'ETHUSDT', 'k': {'t': 1626187680000, 'T': 1626187739999, 's': 'ETHUSDT', 'i': '1m', 'f': 517923846, 'L': 517924100, 'o': '1977.22000000', 'c': '1975.34000000', 'h': '1977.36000000', 'l': '1975.16000000', 'v': '60.46930000', 'n': 255, 'x': False, 'q': '119489.04123540', 'V': '34.70378000', 'Q': '68565.73386590', 'B': '0'}}
INFO:root:Moving average for `ETHUSDT`  is 1975.3133333333335
INFO:root:{'e': 'kline', 'E': 1626187712800, 's': 'ETHUSDT', 'k': {'t': 1626187680000, 'T': 1626187739999, 's': 'ETHUSDT', 'i': '1m', 'f': 517923846, 'L': 517924100, 'o': '1977.22000000', 'c': '1975.34000000', 'h': '1977.36000000', 'l': '1975.16000000', 'v': '60.46930000', 'n': 255, 'x': False, 'q': '119489.04123540', 'V': '34.70378000', 'Q': '68565.73386590', 'B': '0'}}
INFO:root:Moving average for `ETHUSDT`  is 1975.3133333333335
INFO:root:{'e': 'kline', 'E': 1626187713163, 's': 'BTCUSDT', 'k': {'t': 1626187680000, 'T': 1626187739999, 's': 'BTCUSDT', 'i': '1m', 'f': 954561177, 'L': 954561349, 'o': '32583.46000000', 'c': '32566.38000000', 'h': '32583.46000000', 'l': '32564.74000000', 'v': '3.58886600', 'n': 173, 'x': False, 'q': '116903.31228109', 'V': '1.60035300', 'Q': '52130.46332069', 'B': '0'}}
INFO:root:Moving average for `BTCUSDT`  is 32565.466666666664
INFO:root:{'e': 'kline', 'E': 1626187713163, 's': 'BTCUSDT', 'k': {'t': 1626187680000, 'T': 1626187739999, 's': 'BTCUSDT', 'i': '1m', 'f': 954561177, 'L': 954561349, 'o': '32583.46000000', 'c': '32566.38000000', 'h': '32583.46000000', 'l': '32564.74000000', 'v': '3.58886600', 'n': 173, 'x': False, 'q': '116903.31228109', 'V': '1.60035300', 'Q': '52130.46332069', 'B': '0'}}
INFO:root:Moving average for `BTCUSDT`  is 32565.466666666664
INFO:root:{'e': 'kline', 'E': 1626187714821, 's': 'ETHUSDT', 'k': {'t': 1626187680000, 'T': 1626187739999, 's': 'ETHUSDT', 'i': '1m', 'f': 517923846, 'L': 517924169, 'o': '1977.22000000', 'c': '1976.02000000', 'h': '1977.36000000', 'l': '1975.16000000', 'v': '221.71819000', 'n': 324, 'x': False, 'q': '438133.22127360', 'V': '185.21267000', 'Q': '365985.98510410', 'B': '0'}}
INFO:root:Moving average for `ETHUSDT`  is 1975.506666666667
INFO:root:{'e': 'kline', 'E': 1626187714821, 's': 'ETHUSDT', 'k': {'t': 1626187680000, 'T': 1626187739999, 's': 'ETHUSDT', 'i': '1m', 'f': 517923846, 'L': 517924169, 'o': '1977.22000000', 'c': '1976.02000000', 'h': '1977.36000000', 'l': '1975.16000000', 'v': '221.71819000', 'n': 324, 'x': False, 'q': '438133.22127360', 'V': '185.21267000', 'Q': '365985.98510410', 'B': '0'}}
INFO:root:Moving average for `ETHUSDT`  is 1975.506666666667
INFO:root:{'e': 'kline', 'E': 1626187851040, 's': 'BNBBTC', 'k': {'t': 1626187800000, 'T': 1626187859999, 's': 'BNBBTC', 'i': '1m', 'f': 153483919, 'L': 153483932, 'o': '0.00948800', 'c': '0.00949200', 'h': '0.00949300', 'l': '0.00948700', 'v': '4.52000000', 'n': 14, 'x': False, 'q': '0.04289310', 'V': '2.06000000', 'Q': '0.01954859', 'B': '0'}}
INFO:root:{'e': 'kline', 'E': 1626187851207, 's': 'BTCUSDT', 'k': {'t': 1626187800000, 'T': 1626187859999, 's': 'BTCUSDT', 'i': '1m', 'f': 954561806, 'L': 954562099, 'o': '32572.47000000', 'c': '32557.52000000', 'h': '32572.48000000', 'l': '32557.52000000', 'v': '11.81706200', 'n': 294, 'x': False, 'q': '384843.50065641', 'V': '2.64748700', 'Q': '86205.66418653', 'B': '0'}}
INFO:root:{'e': 'kline', 'E': 1626187851396, 's': 'ETHUSDT', 'k': {'t': 1626187800000, 'T': 1626187859999, 's': 'ETHUSDT', 'i': '1m', 'f': 517924706, 'L': 517924982, 'o': '1976.80000000', 'c': '1975.34000000', 'h': '1976.80000000', 'l': '1975.34000000', 'v': '142.76944000', 'n': 277, 'x': False, 'q': '282093.22463600', 'V': '73.17725000', 'Q': '144581.39052290', 'B': '0'}}
INFO:root:{'e': 'kline', 'E': 1626187853460, 's': 'BTCUSDT', 'k': {'t': 1626187800000, 'T': 1626187859999, 's': 'BTCUSDT', 'i': '1m', 'f': 954561806, 'L': 954562106, 'o': '32572.47000000', 'c': '32557.53000000', 'h': '32572.48000000', 'l': '32557.52000000', 'v': '11.88965800', 'n': 301, 'x': False, 'q': '387207.04670389', 'V': '2.68004300', 'Q': '87265.60713321', 'B': '0'}}
INFO:root:{'e': 'kline', 'E': 1626187853716, 's': 'ETHUSDT', 'k': {'t': 1626187800000, 'T': 1626187859999, 's': 'ETHUSDT', 'i': '1m', 'f': 517924706, 'L': 517924990, 'o': '1976.80000000', 'c': '1975.35000000', 'h': '1976.80000000', 'l': '1975.34000000', 'v': '144.02104000', 'n': 285, 'x': False, 'q': '284565.56945980', 'V': '74.10523000', 'Q': '146414.47581590', 'B': '0'}}
INFO:root:{'e': 'kline', 'E': 1626187854055, 's': 'BNBBTC', 'k': {'t': 1626187800000, 'T': 1626187859999, 's': 'BNBBTC', 'i': '1m', 'f': 153483919, 'L': 153483934, 'o': '0.00948800', 'c': '0.00949000', 'h': '0.00949300', 'l': '0.00948700', 'v': '7.49000000', 'n': 16, 'x': False, 'q': '0.07107851', 'V': '2.17000000', 'Q': '0.02059260', 'B': '0'}}
INFO:root:{'e': 'kline', 'E': 1626187855733, 's': 'ETHUSDT', 'k': {'t': 1626187800000, 'T': 1626187859999, 's': 'ETHUSDT', 'i': '1m', 'f': 517924706, 'L': 517924996, 'o': '1976.80000000', 'c': '1975.35000000', 'h': '1976.80000000', 'l': '1975.34000000', 'v': '151.91218000', 'n': 291, 'x': False, 'q': '300153.33285880', 'V': '81.99637000', 'Q': '162002.23921490', 'B': '0'}}
INFO:root:Moving average for `ETHUSDT`  is 1975.3466666666664
INFO:root:{'e': 'kline', 'E': 1626187855777, 's': 'BTCUSDT', 'k': {'t': 1626187800000, 'T': 1626187859999, 's': 'BTCUSDT', 'i': '1m', 'f': 954561806, 'L': 954562116, 'o': '32572.47000000', 'c': '32557.53000000', 'h': '32572.48000000', 'l': '32557.52000000', 'v': '12.52871900', 'n': 311, 'x': False, 'q': '408013.29405962', 'V': '3.28674400', 'Q': '107018.29314174', 'B': '0'}}
INFO:root:Moving average for `BTCUSDT`  is 32557.52666666667
INFO:root:{'e': 'kline', 'E': 1626187857833, 's': 'BTCUSDT', 'k': {'t': 1626187800000, 'T': 1626187859999, 's': 'BTCUSDT', 'i': '1m', 'f': 954561806, 'L': 954562130, 'o': '32572.47000000', 'c': '32557.88000000', 'h': '32572.48000000', 'l': '32557.52000000', 'v': '12.79854900', 'n': 325, 'x': False, 'q': '416798.33598834', 'V': '3.54527200', 'Q': '115435.36602372', 'B': '0'}}
INFO:root:Moving average for `BTCUSDT`  is 32557.646666666667
INFO:root:{'e': 'kline', 'E': 1626187858191, 's': 'ETHUSDT', 'k': {'t': 1626187800000, 'T': 1626187859999, 's': 'ETHUSDT', 'i': '1m', 'f': 517924706, 'L': 517925005, 'o': '1976.80000000', 'c': '1975.35000000', 'h': '1976.80000000', 'l': '1975.34000000', 'v': '153.02715000', 'n': 300, 'x': False, 'q': '302355.78802720', 'V': '83.02923000', 'Q': '164042.49921590', 'B': '0'}}
INFO:root:Moving average for `ETHUSDT`  is 1975.3499999999997
INFO:root:{'e': 'kline', 'E': 1626187860035, 's': 'ETHUSDT', 'k': {'t': 1626187800000, 'T': 1626187859999, 's': 'ETHUSDT', 'i': '1m', 'f': 517924706, 'L': 517925016, 'o': '1976.80000000', 'c': '1975.34000000', 'h': '1976.80000000', 'l': '1975.34000000', 'v': '174.05325000', 'n': 311, 'x': True, 'q': '343889.69453450', 'V': '104.04256000', 'Q': '205551.18063140', 'B': '0'}}
INFO:root:Moving average for `ETHUSDT`  is 1975.3466666666666
INFO:root:{'e': 'kline', 'E': 1626187860065, 's': 'BTCUSDT', 'k': {'t': 1626187800000, 'T': 1626187859999, 's': 'BTCUSDT', 'i': '1m', 'f': 954561806, 'L': 954562166, 'o': '32572.47000000', 'c': '32555.01000000', 'h': '32572.48000000', 'l': '32555.00000000', 'v': '13.60823100', 'n': 361, 'x': False, 'q': '443158.56351343', 'V': '4.03459600', 'Q': '131365.64159541', 'B': '0'}}
INFO:root:Moving average for `BTCUSDT`  is 32556.806666666667
INFO:root:{'e': 'kline', 'E': 1626187860271, 's': 'BTCUSDT', 'k': {'t': 1626187800000, 'T': 1626187859999, 's': 'BTCUSDT', 'i': '1m', 'f': 954561806, 'L': 954562166, 'o': '32572.47000000', 'c': '32555.01000000', 'h': '32572.48000000', 'l': '32555.00000000', 'v': '13.60823100', 'n': 361, 'x': True, 'q': '443158.56351343', 'V': '4.03459600', 'Q': '131365.64159541', 'B': '0'}}
INFO:root:Moving average for `BTCUSDT`  is 32555.966666666664
INFO:root:{'e': 'kline', 'E': 1626187860712, 's': 'BNBBTC', 'k': {'t': 1626187800000, 'T': 1626187859999, 's': 'BNBBTC', 'i': '1m', 'f': 153483919, 'L': 153483934, 'o': '0.00948800', 'c': '0.00949000', 'h': '0.00949300', 'l': '0.00948700', 'v': '7.49000000', 'n': 16, 'x': True, 'q': '0.07107851', 'V': '2.17000000', 'Q': '0.02059260', 'B': '0'}}
INFO:root:Moving average for `BNBBTC`  is 0.009490666666666666
INFO:root:{'e': 'kline', 'E': 1626187862074, 's': 'ETHUSDT', 'k': {'t': 1626187860000, 'T': 1626187919999, 's': 'ETHUSDT', 'i': '1m', 'f': 517925017, 'L': 517925049, 'o': '1975.35000000', 'c': '1975.35000000', 'h': '1975.36000000', 'l': '1975.35000000', 'v': '11.35028000', 'n': 33, 'x': False, 'q': '22420.78907020', 'V': '10.98527000', 'Q': '21699.76656670', 'B': '0'}}
INFO:root:Moving average for `ETHUSDT`  is 1975.3466666666664
INFO:root:{'e': 'kline', 'E': 1626187862074, 's': 'ETHUSDT', 'k': {'t': 1626187860000, 'T': 1626187919999, 's': 'ETHUSDT', 'i': '1m', 'f': 517925017, 'L': 517925049, 'o': '1975.35000000', 'c': '1975.35000000', 'h': '1975.36000000', 'l': '1975.35000000', 'v': '11.35028000', 'n': 33, 'x': False, 'q': '22420.78907020', 'V': '10.98527000', 'Q': '21699.76656670', 'B': '0'}}
INFO:root:{'e': 'kline', 'E': 1626187862712, 's': 'BNBBTC', 'k': {'t': 1626187860000, 'T': 1626187919999, 's': 'BNBBTC', 'i': '1m', 'f': 153483935, 'L': 153483936, 'o': '0.00949000', 'c': '0.00949000', 'h': '0.00949000', 'l': '0.00949000', 'v': '1.49000000', 'n': 2, 'x': False, 'q': '0.01414010', 'V': '0.00000000', 'Q': '0.00000000', 'B': '0'}}
INFO:root:{'e': 'kline', 'E': 1626187862712, 's': 'BNBBTC', 'k': {'t': 1626187860000, 'T': 1626187919999, 's': 'BNBBTC', 'i': '1m', 'f': 153483935, 'L': 153483936, 'o': '0.00949000', 'c': '0.00949000', 'h': '0.00949000', 'l': '0.00949000', 'v': '1.49000000', 'n': 2, 'x': False, 'q': '0.01414010', 'V': '0.00000000', 'Q': '0.00000000', 'B': '0'}}
INFO:root:Moving average for `BNBBTC`  is 0.00949
INFO:root:{'e': 'kline', 'E': 1626187862995, 's': 'BTCUSDT', 'k': {'t': 1626187860000, 'T': 1626187919999, 's': 'BTCUSDT', 'i': '1m', 'f': 954562167, 'L': 954562180, 'o': '32555.01000000', 'c': '32555.01000000', 'h': '32555.01000000', 'l': '32555.00000000', 'v': '0.19437800', 'n': 14, 'x': False, 'q': '6327.97745693', 'V': '0.16669300', 'Q': '5426.69228193', 'B': '0'}}
INFO:root:Moving average for `BTCUSDT`  is 32555.01
INFO:root:{'e': 'kline', 'E': 1626187862995, 's': 'BTCUSDT', 'k': {'t': 1626187860000, 'T': 1626187919999, 's': 'BTCUSDT', 'i': '1m', 'f': 954562167, 'L': 954562180, 'o': '32555.01000000', 'c': '32555.01000000', 'h': '32555.01000000', 'l': '32555.00000000', 'v': '0.19437800', 'n': 14, 'x': False, 'q': '6327.97745693', 'V': '0.16669300', 'Q': '5426.69228193', 'B': '0'}}
INFO:root:{'e': 'kline', 'E': 1626187864284, 's': 'ETHUSDT', 'k': {'t': 1626187860000, 'T': 1626187919999, 's': 'ETHUSDT', 'i': '1m', 'f': 517925017, 'L': 517925064, 'o': '1975.35000000', 'c': '1975.35000000', 'h': '1975.36000000', 'l': '1975.34000000', 'v': '15.76360000', 'n': 48, 'x': False, 'q': '31138.63944980', 'V': '14.91152000', 'Q': '29455.48450420', 'B': '0'}}
INFO:root:Moving average for `ETHUSDT`  is 1975.3466666666664
INFO:root:{'e': 'kline', 'E': 1626187864284, 's': 'ETHUSDT', 'k': {'t': 1626187860000, 'T': 1626187919999, 's': 'ETHUSDT', 'i': '1m', 'f': 517925017, 'L': 517925064, 'o': '1975.35000000', 'c': '1975.35000000', 'h': '1975.36000000', 'l': '1975.34000000', 'v': '15.76360000', 'n': 48, 'x': False, 'q': '31138.63944980', 'V': '14.91152000', 'Q': '29455.48450420', 'B': '0'}}
INFO:root:{'e': 'kline', 'E': 1626187865533, 's': 'BTCUSDT', 'k': {'t': 1626187860000, 'T': 1626187919999, 's': 'BTCUSDT', 'i': '1m', 'f': 954562167, 'L': 954562190, 'o': '32555.01000000', 'c': '32555.01000000', 'h': '32555.01000000', 'l': '32555.00000000', 'v': '0.25906500', 'n': 24, 'x': False, 'q': '8433.86338880', 'V': '0.23138000', 'Q': '7532.57821380', 'B': '0'}}
INFO:root:Moving average for `BTCUSDT`  is 32555.01
INFO:root:{'e': 'kline', 'E': 1626187865533, 's': 'BTCUSDT', 'k': {'t': 1626187860000, 'T': 1626187919999, 's': 'BTCUSDT', 'i': '1m', 'f': 954562167, 'L': 954562190, 'o': '32555.01000000', 'c': '32555.01000000', 'h': '32555.01000000', 'l': '32555.00000000', 'v': '0.25906500', 'n': 24, 'x': False, 'q': '8433.86338880', 'V': '0.23138000', 'Q': '7532.57821380', 'B': '0'}}
INFO:root:{'e': 'kline', 'E': 1626187866089, 's': 'BNBBTC', 'k': {'t': 1626187860000, 'T': 1626187919999, 's': 'BNBBTC', 'i': '1m', 'f': 153483935, 'L': 153483938, 'o': '0.00949000', 'c': '0.00949000', 'h': '0.00949000', 'l': '0.00949000', 'v': '2.25000000', 'n': 4, 'x': False, 'q': '0.02135250', 'V': '0.00000000', 'Q': '0.00000000', 'B': '0'}}
INFO:root:{'e': 'kline', 'E': 1626187866089, 's': 'BNBBTC', 'k': {'t': 1626187860000, 'T': 1626187919999, 's': 'BNBBTC', 'i': '1m', 'f': 153483935, 'L': 153483938, 'o': '0.00949000', 'c': '0.00949000', 'h': '0.00949000', 'l': '0.00949000', 'v': '2.25000000', 'n': 4, 'x': False, 'q': '0.02135250', 'V': '0.00000000', 'Q': '0.00000000', 'B': '0'}}
INFO:root:Moving average for `BNBBTC`  is 0.00949
INFO:root:{'e': 'kline', 'E': 1626187866369, 's': 'ETHUSDT', 'k': {'t': 1626187860000, 'T': 1626187919999, 's': 'ETHUSDT', 'i': '1m', 'f': 517925017, 'L': 517925069, 'o': '1975.35000000', 'c': '1975.34000000', 'h': '1975.36000000', 'l': '1975.34000000', 'v': '16.18954000', 'n': 53, 'x': False, 'q': '31980.01595940', 'V': '14.93052000', 'Q': '29493.01615420', 'B': '0'}}
INFO:root:Moving average for `ETHUSDT`  is 1975.3466666666666
INFO:root:{'e': 'kline', 'E': 1626187866369, 's': 'ETHUSDT', 'k': {'t': 1626187860000, 'T': 1626187919999, 's': 'ETHUSDT', 'i': '1m', 'f': 517925017, 'L': 517925069, 'o': '1975.35000000', 'c': '1975.34000000', 'h': '1975.36000000', 'l': '1975.34000000', 'v': '16.18954000', 'n': 53, 'x': False, 'q': '31980.01595940', 'V': '14.93052000', 'Q': '29493.01615420', 'B': '0'}}
INFO:root:Moving average for `ETHUSDT`  is 1975.3466666666666
INFO:root:{'e': 'kline', 'E': 1626187868082, 's': 'BTCUSDT', 'k': {'t': 1626187860000, 'T': 1626187919999, 's': 'BTCUSDT', 'i': '1m', 'f': 954562167, 'L': 954562197, 'o': '32555.01000000', 'c': '32555.01000000', 'h': '32555.01000000', 'l': '32555.00000000', 'v': '0.31150400', 'n': 31, 'x': False, 'q': '10141.01553998', 'V': '0.28199800', 'Q': '9180.44770998', 'B': '0'}}
INFO:root:Moving average for `BTCUSDT`  is 32555.01
INFO:root:{'e': 'kline', 'E': 1626187868082, 's': 'BTCUSDT', 'k': {'t': 1626187860000, 'T': 1626187919999, 's': 'BTCUSDT', 'i': '1m', 'f': 954562167, 'L': 954562197, 'o': '32555.01000000', 'c': '32555.01000000', 'h': '32555.01000000', 'l': '32555.00000000', 'v': '0.31150400', 'n': 31, 'x': False, 'q': '10141.01553998', 'V': '0.28199800', 'Q': '9180.44770998', 'B': '0'}}
INFO:root:Moving average for `BTCUSDT`  is 32555.01
INFO:root:{'e': 'kline', 'E': 1626187868735, 's': 'ETHUSDT', 'k': {'t': 1626187860000, 'T': 1626187919999, 's': 'ETHUSDT', 'i': '1m', 'f': 517925017, 'L': 517925092, 'o': '1975.35000000', 'c': '1975.31000000', 'h': '1975.36000000', 'l': '1975.31000000', 'v': '18.33507000', 'n': 76, 'x': False, 'q': '36218.15743170', 'V': '16.74201000', 'Q': '33071.31621610', 'B': '0'}}
INFO:root:Moving average for `ETHUSDT`  is 1975.3333333333333
INFO:root:{'e': 'kline', 'E': 1626187868735, 's': 'ETHUSDT', 'k': {'t': 1626187860000, 'T': 1626187919999, 's': 'ETHUSDT', 'i': '1m', 'f': 517925017, 'L': 517925092, 'o': '1975.35000000', 'c': '1975.31000000', 'h': '1975.36000000', 'l': '1975.31000000', 'v': '18.33507000', 'n': 76, 'x': False, 'q': '36218.15743170', 'V': '16.74201000', 'Q': '33071.31621610', 'B': '0'}}
INFO:root:Moving average for `ETHUSDT`  is 1975.3333333333333
INFO:root:{'e': 'kline', 'E': 1626187886686, 's': 'ETHUSDT', 'k': {'t': 1626187860000, 'T': 1626187919999, 's': 'ETHUSDT', 'i': '1m', 'f': 517925017, 'L': 517925269, 'o': '1975.35000000', 'c': '1974.60000000', 'h': '1975.36000000', 'l': '1974.59000000', 'v': '117.65196000', 'n': 253, 'x': False, 'q': '232364.57233980', 'V': '65.07830000', 'Q': '128528.51717260', 'B': '0'}}
INFO:root:{'e': 'kline', 'E': 1626187888632, 's': 'BTCUSDT', 'k': {'t': 1626187860000, 'T': 1626187919999, 's': 'BTCUSDT', 'i': '1m', 'f': 954562167, 'L': 954562346, 'o': '32555.01000000', 'c': '32554.46000000', 'h': '32560.03000000', 'l': '32554.46000000', 'v': '14.46345900', 'n': 180, 'x': False, 'q': '470894.45290392', 'V': '7.09763900', 'Q': '231085.34793663', 'B': '0'}}
INFO:root:{'e': 'kline', 'E': 1626187889183, 's': 'ETHUSDT', 'k': {'t': 1626187860000, 'T': 1626187919999, 's': 'ETHUSDT', 'i': '1m', 'f': 517925017, 'L': 517925275, 'o': '1975.35000000', 'c': '1974.61000000', 'h': '1975.36000000', 'l': '1974.59000000', 'v': '120.28988000', 'n': 259, 'x': False, 'q': '237573.43535100', 'V': '67.69622000', 'Q': '133697.88818380', 'B': '0'}}
INFO:root:{'e': 'kline', 'E': 1626187890814, 's': 'BTCUSDT', 'k': {'t': 1626187860000, 'T': 1626187919999, 's': 'BTCUSDT', 'i': '1m', 'f': 954562167, 'L': 954562355, 'o': '32555.01000000', 'c': '32554.47000000', 'h': '32560.03000000', 'l': '32554.46000000', 'v': '14.54068500', 'n': 189, 'x': False, 'q': '473408.50389443', 'V': '7.12389400', 'Q': '231940.06554648', 'B': '0'}}
INFO:root:{'e': 'kline', 'E': 1626187891779, 's': 'ETHUSDT', 'k': {'t': 1626187860000, 'T': 1626187919999, 's': 'ETHUSDT', 'i': '1m', 'f': 517925017, 'L': 517925305, 'o': '1975.35000000', 'c': '1974.60000000', 'h': '1975.36000000', 'l': '1974.46000000', 'v': '140.55567000', 'n': 289, 'x': False, 'q': '277588.96419070', 'V': '77.31195000', 'Q': '152683.91663950', 'B': '0'}}
INFO:root:Moving average for `ETHUSDT`  is 1974.6033333333332
INFO:root:{'e': 'kline', 'E': 1626187892480, 's': 'BNBBTC', 'k': {'t': 1626187860000, 'T': 1626187919999, 's': 'BNBBTC', 'i': '1m', 'f': 153483935, 'L': 153483949, 'o': '0.00949000', 'c': '0.00948800', 'h': '0.00949000', 'l': '0.00948800', 'v': '28.21000000', 'n': 15, 'x': False, 'q': '0.26769521', 'V': '5.04000000', 'Q': '0.04782960', 'B': '0'}}
INFO:root:{'e': 'kline', 'E': 1626187892845, 's': 'BTCUSDT', 'k': {'t': 1626187860000, 'T': 1626187919999, 's': 'BTCUSDT', 'i': '1m', 'f': 954562167, 'L': 954562413, 'o': '32555.01000000', 'c': '32554.10000000', 'h': '32560.03000000', 'l': '32554.10000000', 'v': '33.23920800', 'n': 247, 'x': False, 'q': '1082122.15302972', 'V': '7.48090900', 'Q': '243562.37423781', 'B': '0'}}
INFO:root:Moving average for `BTCUSDT`  is 32554.343333333334
INFO:root:{'e': 'kline', 'E': 1626187894198, 's': 'ETHUSDT', 'k': {'t': 1626187860000, 'T': 1626187919999, 's': 'ETHUSDT', 'i': '1m', 'f': 517925017, 'L': 517925343, 'o': '1975.35000000', 'c': '1974.42000000', 'h': '1975.36000000', 'l': '1974.36000000', 'v': '186.19145000', 'n': 327, 'x': False, 'q': '367692.73379440', 'V': '122.67013000', 'Q': '242239.54299550', 'B': '0'}}
INFO:root:Moving average for `ETHUSDT`  is 1974.5433333333333
INFO:root:{'e': 'kline', 'E': 1626187894898, 's': 'BTCUSDT', 'k': {'t': 1626187860000, 'T': 1626187919999, 's': 'BTCUSDT', 'i': '1m', 'f': 954562167, 'L': 954562427, 'o': '32555.01000000', 'c': '32554.10000000', 'h': '32560.03000000', 'l': '32554.10000000', 'v': '33.72952300', 'n': 261, 'x': False, 'q': '1098083.91708244', 'V': '7.53203100', 'Q': '245226.60544923', 'B': '0'}}
INFO:root:Moving average for `BTCUSDT`  is 32554.22333333333
INFO:root:{'e': 'kline', 'E': 1626187992591, 's': 'BNBBTC', 'k': {'t': 1626187980000, 'T': 1626188039999, 's': 'BNBBTC', 'i': '1m', 'f': 153483994, 'L': 153483996, 'o': '0.00949400', 'c': '0.00949000', 'h': '0.00949400', 'l': '0.00949000', 'v': '9.07000000', 'n': 3, 'x': False, 'q': '0.08607666', 'V': '9.07000000', 'Q': '0.08607666', 'B': '0'}}
INFO:root:{'e': 'kline', 'E': 1626187993550, 's': 'ETHUSDT', 'k': {'t': 1626187980000, 'T': 1626188039999, 's': 'ETHUSDT', 'i': '1m', 'f': 517925871, 'L': 517925997, 'o': '1975.76000000', 'c': '1975.72000000', 'h': '1975.84000000', 'l': '1975.50000000', 'v': '7.10095000', 'n': 127, 'x': False, 'q': '14029.57090350', 'V': '3.86883000', 'Q': '7643.78808350', 'B': '0'}}
INFO:root:{'e': 'kline', 'E': 1626187994077, 's': 'BTCUSDT', 'k': {'t': 1626187980000, 'T': 1626188039999, 's': 'BTCUSDT', 'i': '1m', 'f': 954563003, 'L': 954563063, 'o': '32554.17000000', 'c': '32554.16000000', 'h': '32554.17000000', 'l': '32554.16000000', 'v': '0.99935300', 'n': 61, 'x': False, 'q': '32533.10264848', 'V': '0.51900000', 'Q': '16895.61423000', 'B': '0'}}
INFO:root:{'e': 'kline', 'E': 1626187994614, 's': 'BNBBTC', 'k': {'t': 1626187980000, 'T': 1626188039999, 's': 'BNBBTC', 'i': '1m', 'f': 153483994, 'L': 153484013, 'o': '0.00949400', 'c': '0.00948600', 'h': '0.00949400', 'l': '0.00948600', 'v': '30.48000000', 'n': 20, 'x': False, 'q': '0.28918415', 'V': '9.07000000', 'Q': '0.08607666', 'B': '0'}}
INFO:root:{'e': 'kline', 'E': 1626187996015, 's': 'ETHUSDT', 'k': {'t': 1626187980000, 'T': 1626188039999, 's': 'ETHUSDT', 'i': '1m', 'f': 517925871, 'L': 517926031, 'o': '1975.76000000', 'c': '1975.76000000', 'h': '1975.84000000', 'l': '1975.50000000', 'v': '10.05586000', 'n': 161, 'x': False, 'q': '19867.77487000', 'V': '4.86883000', 'Q': '9619.55906840', 'B': '0'}}
INFO:root:{'e': 'kline', 'E': 1626187996555, 's': 'BTCUSDT', 'k': {'t': 1626187980000, 'T': 1626188039999, 's': 'BTCUSDT', 'i': '1m', 'f': 954563003, 'L': 954563075, 'o': '32554.17000000', 'c': '32554.17000000', 'h': '32554.17000000', 'l': '32554.16000000', 'v': '1.12360200', 'n': 73, 'x': False, 'q': '36577.92488171', 'V': '0.55973900', 'Q': '18221.83856163', 'B': '0'}}
INFO:root:{'e': 'kline', 'E': 1626187997561, 's': 'BNBBTC', 'k': {'t': 1626187980000, 'T': 1626188039999, 's': 'BNBBTC', 'i': '1m', 'f': 153483994, 'L': 153484014, 'o': '0.00949400', 'c': '0.00948600', 'h': '0.00949400', 'l': '0.00948600', 'v': '33.75000000', 'n': 21, 'x': False, 'q': '0.32020337', 'V': '9.07000000', 'Q': '0.08607666', 'B': '0'}}
INFO:root:Moving average for `BNBBTC`  is 0.009487333333333334
INFO:root:{'e': 'kline', 'E': 1626187998564, 's': 'ETHUSDT', 'k': {'t': 1626187980000, 'T': 1626188039999, 's': 'ETHUSDT', 'i': '1m', 'f': 517925871, 'L': 517926050, 'o': '1975.76000000', 'c': '1975.73000000', 'h': '1975.84000000', 'l': '1975.50000000', 'v': '18.07422000', 'n': 180, 'x': False, 'q': '35709.85706040', 'V': '12.26966000', 'Q': '24241.58628610', 'B': '0'}}
INFO:root:Moving average for `ETHUSDT`  is 1975.7366666666667
INFO:root:{'e': 'kline', 'E': 1626187998602, 's': 'BTCUSDT', 'k': {'t': 1626187980000, 'T': 1626188039999, 's': 'BTCUSDT', 'i': '1m', 'f': 954563003, 'L': 954563099, 'o': '32554.17000000', 'c': '32554.17000000', 'h': '32554.17000000', 'l': '32554.16000000', 'v': '2.01759000', 'n': 97, 'x': False, 'q': '65680.95719755', 'V': '0.95231500', 'Q': '31001.82440355', 'B': '0'}}
INFO:root:Moving average for `BTCUSDT`  is 32554.166666666668
INFO:root:{'e': 'kline', 'E': 1626188000611, 's': 'ETHUSDT', 'k': {'t': 1626187980000, 'T': 1626188039999, 's': 'ETHUSDT', 'i': '1m', 'f': 517925871, 'L': 517926124, 'o': '1975.76000000', 'c': '1974.60000000', 'h': '1975.84000000', 'l': '1974.60000000', 'v': '58.51714000', 'n': 254, 'x': False, 'q': '115589.81279610', 'V': '28.09347000', 'Q': '55494.56993940', 'B': '0'}}
INFO:root:Moving average for `ETHUSDT`  is 1975.3633333333335
INFO:root:{'e': 'kline', 'E': 1626188000917, 's': 'BTCUSDT', 'k': {'t': 1626187980000, 'T': 1626188039999, 's': 'BTCUSDT', 'i': '1m', 'f': 954563003, 'L': 954563315, 'o': '32554.17000000', 'c': '32537.87000000', 'h': '32554.17000000', 'l': '32535.46000000', 'v': '28.96373800', 'n': 313, 'x': False, 'q': '942807.90609110', 'V': '3.31986200', 'Q': '108035.64466191', 'B': '0'}}
INFO:root:Moving average for `BTCUSDT`  is 32548.736666666664
INFO:root:{'e': 'kline', 'E': 1626188001547, 's': 'BNBBTC', 'k': {'t': 1626187980000, 'T': 1626188039999, 's': 'BNBBTC', 'i': '1m', 'f': 153483994, 'L': 153484017, 'o': '0.00949400', 'c': '0.00948900', 'h': '0.00949400', 'l': '0.00948600', 'v': '35.44000000', 'n': 24, 'x': False, 'q': '0.33623836', 'V': '10.22000000', 'Q': '0.09698921', 'B': '0'}}
INFO:root:Moving average for `BNBBTC`  is 0.009487
INFO:root:{'e': 'kline', 'E': 1626188002697, 's': 'ETHUSDT', 'k': {'t': 1626187980000, 'T': 1626188039999, 's': 'ETHUSDT', 'i': '1m', 'f': 517925871, 'L': 517926176, 'o': '1975.76000000', 'c': '1973.83000000', 'h': '1975.84000000', 'l': '1973.67000000', 'v': '93.63458000', 'n': 306, 'x': False, 'q': '184915.87863940', 'V': '29.36826000', 'Q': '58010.97903870', 'B': '0'}}
INFO:root:Moving average for `ETHUSDT`  is 1974.72
INFO:root:{'e': 'kline', 'E': 1626188003581, 's': 'BTCUSDT', 'k': {'t': 1626187980000, 'T': 1626188039999, 's': 'BTCUSDT', 'i': '1m', 'f': 954563003, 'L': 954563355, 'o': '32554.17000000', 'c': '32531.51000000', 'h': '32554.17000000', 'l': '32531.51000000', 'v': '30.31559400', 'n': 353, 'x': False, 'q': '986790.50675404', 'V': '3.36623000', 'Q': '109544.20450359', 'B': '0'}}
INFO:root:Moving average for `BTCUSDT`  is 32541.18333333333
INFO:root:{'e': 'kline', 'E': 1626188003581, 's': 'BTCUSDT', 'k': {'t': 1626187980000, 'T': 1626188039999, 's': 'BTCUSDT', 'i': '1m', 'f': 954563003, 'L': 954563355, 'o': '32554.17000000', 'c': '32531.51000000', 'h': '32554.17000000', 'l': '32531.51000000', 'v': '30.31559400', 'n': 353, 'x': False, 'q': '986790.50675404', 'V': '3.36623000', 'Q': '109544.20450359', 'B': '0'}}
INFO:root:{'e': 'kline', 'E': 1626188004589, 's': 'BNBBTC', 'k': {'t': 1626187980000, 'T': 1626188039999, 's': 'BNBBTC', 'i': '1m', 'f': 153483994, 'L': 153484018, 'o': '0.00949400', 'c': '0.00948900', 'h': '0.00949400', 'l': '0.00948600', 'v': '37.49000000', 'n': 25, 'x': False, 'q': '0.35569081', 'V': '12.27000000', 'Q': '0.11644166', 'B': '0'}}
INFO:root:{'e': 'kline', 'E': 1626188004589, 's': 'BNBBTC', 'k': {'t': 1626187980000, 'T': 1626188039999, 's': 'BNBBTC', 'i': '1m', 'f': 153483994, 'L': 153484018, 'o': '0.00949400', 'c': '0.00948900', 'h': '0.00949400', 'l': '0.00948600', 'v': '37.49000000', 'n': 25, 'x': False, 'q': '0.35569081', 'V': '12.27000000', 'Q': '0.11644166', 'B': '0'}}
INFO:root:Moving average for `BNBBTC`  is 0.009487999999999998
INFO:root:{'e': 'kline', 'E': 1626188005028, 's': 'ETHUSDT', 'k': {'t': 1626187980000, 'T': 1626188039999, 's': 'ETHUSDT', 'i': '1m', 'f': 517925871, 'L': 517926190, 'o': '1975.76000000', 'c': '1973.89000000', 'h': '1975.84000000', 'l': '1973.61000000', 'v': '105.11692000', 'n': 320, 'x': False, 'q': '207580.57840530', 'V': '40.18616000', 'Q': '79364.22177520', 'B': '0'}}
INFO:root:Moving average for `ETHUSDT`  is 1974.1066666666666
INFO:root:{'e': 'kline', 'E': 1626188005028, 's': 'ETHUSDT', 'k': {'t': 1626187980000, 'T': 1626188039999, 's': 'ETHUSDT', 'i': '1m', 'f': 517925871, 'L': 517926190, 'o': '1975.76000000', 'c': '1973.89000000', 'h': '1975.84000000', 'l': '1973.61000000', 'v': '105.11692000', 'n': 320, 'x': False, 'q': '207580.57840530', 'V': '40.18616000', 'Q': '79364.22177520', 'B': '0'}}
INFO:root:{'e': 'kline', 'E': 1626188005601, 's': 'BTCUSDT', 'k': {'t': 1626187980000, 'T': 1626188039999, 's': 'BTCUSDT', 'i': '1m', 'f': 954563003, 'L': 954563367, 'o': '32554.17000000', 'c': '32531.45000000', 'h': '32554.17000000', 'l': '32530.00000000', 'v': '30.45377400', 'n': 365, 'x': False, 'q': '991285.58592981', 'V': '3.49404700', 'Q': '113702.17478392', 'B': '0'}}
INFO:root:{'e': 'kline', 'E': 1626188005601, 's': 'BTCUSDT', 'k': {'t': 1626187980000, 'T': 1626188039999, 's': 'BTCUSDT', 'i': '1m', 'f': 954563003, 'L': 954563367, 'o': '32554.17000000', 'c': '32531.45000000', 'h': '32554.17000000', 'l': '32530.00000000', 'v': '30.45377400', 'n': 365, 'x': False, 'q': '991285.58592981', 'V': '3.49404700', 'Q': '113702.17478392', 'B': '0'}}
INFO:root:Moving average for `BTCUSDT`  is 32533.61
INFO:root:{'e': 'kline', 'E': 1626188007456, 's': 'ETHUSDT', 'k': {'t': 1626187980000, 'T': 1626188039999, 's': 'ETHUSDT', 'i': '1m', 'f': 517925871, 'L': 517926242, 'o': '1975.76000000', 'c': '1973.06000000', 'h': '1975.84000000', 'l': '1973.05000000', 'v': '148.08314000', 'n': 372, 'x': False, 'q': '292378.91632890', 'V': '44.13126000', 'Q': '87148.60110360', 'B': '0'}}
INFO:root:Moving average for `ETHUSDT`  is 1973.5933333333335
INFO:root:{'e': 'kline', 'E': 1626188007456, 's': 'ETHUSDT', 'k': {'t': 1626187980000, 'T': 1626188039999, 's': 'ETHUSDT', 'i': '1m', 'f': 517925871, 'L': 517926242, 'o': '1975.76000000', 'c': '1973.06000000', 'h': '1975.84000000', 'l': '1973.05000000', 'v': '148.08314000', 'n': 372, 'x': False, 'q': '292378.91632890', 'V': '44.13126000', 'Q': '87148.60110360', 'B': '0'}}
INFO:root:{'e': 'kline', 'E': 1626188007673, 's': 'BTCUSDT', 'k': {'t': 1626187980000, 'T': 1626188039999, 's': 'BTCUSDT', 'i': '1m', 'f': 954563003, 'L': 954563378, 'o': '32554.17000000', 'c': '32531.49000000', 'h': '32554.17000000', 'l': '32530.00000000', 'v': '30.61592300', 'n': 376, 'x': False, 'q': '996560.53342218', 'V': '3.54823200', 'Q': '115464.89356957', 'B': '0'}}
INFO:root:Moving average for `BTCUSDT`  is 32531.483333333334
INFO:root:{'e': 'kline', 'E': 1626188007673, 's': 'BTCUSDT', 'k': {'t': 1626187980000, 'T': 1626188039999, 's': 'BTCUSDT', 'i': '1m', 'f': 954563003, 'L': 954563378, 'o': '32554.17000000', 'c': '32531.49000000', 'h': '32554.17000000', 'l': '32530.00000000', 'v': '30.61592300', 'n': 376, 'x': False, 'q': '996560.53342218', 'V': '3.54823200', 'Q': '115464.89356957', 'B': '0'}}
INFO:root:Moving average for `BTCUSDT`  is 32531.483333333334
INFO:root:{'e': 'kline', 'E': 1626188008602, 's': 'BNBBTC', 'k': {'t': 1626187980000, 'T': 1626188039999, 's': 'BNBBTC', 'i': '1m', 'f': 153483994, 'L': 153484019, 'o': '0.00949400', 'c': '0.00948700', 'h': '0.00949400', 'l': '0.00948600', 'v': '38.54000000', 'n': 26, 'x': False, 'q': '0.36565216', 'V': '12.27000000', 'Q': '0.11644166', 'B': '0'}}
INFO:root:{'e': 'kline', 'E': 1626188008602, 's': 'BNBBTC', 'k': {'t': 1626187980000, 'T': 1626188039999, 's': 'BNBBTC', 'i': '1m', 'f': 153483994, 'L': 153484019, 'o': '0.00949400', 'c': '0.00948700', 'h': '0.00949400', 'l': '0.00948600', 'v': '38.54000000', 'n': 26, 'x': False, 'q': '0.36565216', 'V': '12.27000000', 'Q': '0.11644166', 'B': '0'}}
INFO:root:Moving average for `BNBBTC`  is 0.009488333333333333
INFO:root:{'e': 'kline', 'E': 1626188009601, 's': 'ETHUSDT', 'k': {'t': 1626187980000, 'T': 1626188039999, 's': 'ETHUSDT', 'i': '1m', 'f': 517925871, 'L': 517926254, 'o': '1975.76000000', 'c': '1973.17000000', 'h': '1975.84000000', 'l': '1973.05000000', 'v': '153.52253000', 'n': 384, 'x': False, 'q': '303111.25981520', 'V': '44.61284000', 'Q': '88098.84186420', 'B': '0'}}
INFO:root:Moving average for `ETHUSDT`  is 1973.3733333333332
INFO:root:{'e': 'kline', 'E': 1626188009601, 's': 'ETHUSDT', 'k': {'t': 1626187980000, 'T': 1626188039999, 's': 'ETHUSDT', 'i': '1m', 'f': 517925871, 'L': 517926254, 'o': '1975.76000000', 'c': '1973.17000000', 'h': '1975.84000000', 'l': '1973.05000000', 'v': '153.52253000', 'n': 384, 'x': False, 'q': '303111.25981520', 'V': '44.61284000', 'Q': '88098.84186420', 'B': '0'}}
INFO:root:Moving average for `ETHUSDT`  is 1973.3733333333332
INFO:root:{'e': 'kline', 'E': 1626188009699, 's': 'BTCUSDT', 'k': {'t': 1626187980000, 'T': 1626188039999, 's': 'BTCUSDT', 'i': '1m', 'f': 954563003, 'L': 954563395, 'o': '32554.17000000', 'c': '32531.49000000', 'h': '32554.17000000', 'l': '32530.00000000', 'v': '30.66015600', 'n': 393, 'x': False, 'q': '997999.46553423', 'V': '3.56833900', 'Q': '116118.99480454', 'B': '0'}}
INFO:root:Moving average for `BTCUSDT`  is 32531.47666666667
INFO:root:{'e': 'kline', 'E': 1626188009699, 's': 'BTCUSDT', 'k': {'t': 1626187980000, 'T': 1626188039999, 's': 'BTCUSDT', 'i': '1m', 'f': 954563003, 'L': 954563395, 'o': '32554.17000000', 'c': '32531.49000000', 'h': '32554.17000000', 'l': '32530.00000000', 'v': '30.66015600', 'n': 393, 'x': False, 'q': '997999.46553423', 'V': '3.56833900', 'Q': '116118.99480454', 'B': '0'}}
INFO:root:Moving average for `BTCUSDT`  is 32531.47666666667
